  Game.cpp
C:\CPP\Projekt_GRA\Game.cpp(10,17): warning C4244: "=": konwersja z "float" do "unsigned char", możliwa utrata danych
C:\CPP\Projekt_GRA\Game.cpp(68,103): warning C4244: "argument": konwersja z "unsigned int" do "float", możliwa utrata danych
C:\CPP\Projekt_GRA\Game.cpp(70,106): warning C4244: "argument": konwersja z "unsigned int" do "float", możliwa utrata danych
C:\CPP\Projekt_GRA\Game.cpp(72,103): warning C4244: "argument": konwersja z "unsigned int" do "float", możliwa utrata danych
C:\CPP\Projekt_GRA\Game.cpp(74,103): warning C4244: "argument": konwersja z "unsigned int" do "float", możliwa utrata danych
C:\CPP\Projekt_GRA\Game.cpp(109,60): warning C4244: "argument": konwersja z "unsigned int" do "float", możliwa utrata danych
C:\CPP\Projekt_GRA\Game.cpp(114,103): warning C4244: "argument": konwersja z "unsigned int" do "float", możliwa utrata danych
C:\CPP\Projekt_GRA\Game.cpp(124,127): warning C4244: "argument": konwersja z "unsigned int" do "float", możliwa utrata danych
C:\CPP\Projekt_GRA\Game.cpp(124,95): warning C4244: "argument": konwersja z "unsigned int" do "float", możliwa utrata danych
C:\CPP\Projekt_GRA\Game.cpp(126,123): warning C4244: "argument": konwersja z "unsigned int" do "float", możliwa utrata danych
C:\CPP\Projekt_GRA\Game.cpp(126,95): warning C4244: "argument": konwersja z "unsigned int" do "float", możliwa utrata danych
C:\CPP\Projekt_GRA\Game.cpp(137,123): warning C4244: "argument": konwersja z "unsigned int" do "float", możliwa utrata danych
C:\CPP\Projekt_GRA\Game.cpp(137,95): warning C4244: "argument": konwersja z "unsigned int" do "float", możliwa utrata danych
C:\CPP\Projekt_GRA\Game.cpp(139,127): warning C4244: "argument": konwersja z "unsigned int" do "float", możliwa utrata danych
C:\CPP\Projekt_GRA\Game.cpp(139,95): warning C4244: "argument": konwersja z "unsigned int" do "float", możliwa utrata danych
C:\CPP\Projekt_GRA\Game.cpp(167,82): warning C4244: "argument": konwersja z "unsigned int" do "float", możliwa utrata danych
C:\CPP\Projekt_GRA\Game.cpp(167,52): warning C4244: "argument": konwersja z "unsigned int" do "float", możliwa utrata danych
C:\CPP\Projekt_GRA\Game.cpp(247,78): warning C4244: "argument": konwersja z "unsigned int" do "float", możliwa utrata danych
C:\CPP\Projekt_GRA\Game.cpp(247,46): warning C4244: "argument": konwersja z "unsigned int" do "float", możliwa utrata danych
C:\CPP\Projekt_GRA\Game.cpp(248,78): warning C4244: "argument": konwersja z "unsigned int" do "float", możliwa utrata danych
C:\CPP\Projekt_GRA\Game.cpp(248,46): warning C4244: "argument": konwersja z "unsigned int" do "float", możliwa utrata danych
C:\CPP\Projekt_GRA\Game.cpp(249,78): warning C4244: "argument": konwersja z "unsigned int" do "float", możliwa utrata danych
C:\CPP\Projekt_GRA\Game.cpp(249,46): warning C4244: "argument": konwersja z "unsigned int" do "float", możliwa utrata danych
C:\CPP\Projekt_GRA\Game.cpp(297,104): warning C4244: "argument": konwersja z "unsigned int" do "float", możliwa utrata danych
C:\CPP\Projekt_GRA\Game.cpp(443,12): warning C4804: ">=": niebezpieczne użycie typu "bool" w operacji
C:\CPP\Projekt_GRA\Game.cpp(447,9): warning C4804: "+=": niebezpieczne użycie typu "bool" w operacji
C:\CPP\Projekt_GRA\Game.cpp(449,19): warning C4244: "=": konwersja z "float" do "unsigned char", możliwa utrata danych
C:\CPP\Projekt_GRA\Game.cpp(452,20): warning C4244: "+=": konwersja z "float" do "unsigned char", możliwa utrata danych
C:\CPP\Projekt_GRA\Game.cpp(454,102): warning C4244: "argument": konwersja z "unsigned int" do "float", możliwa utrata danych
C:\CPP\Projekt_GRA\Game.cpp(455,104): warning C4244: "argument": konwersja z "unsigned int" do "float", możliwa utrata danych
C:\CPP\Projekt_GRA\Game.cpp(456,109): warning C4244: "argument": konwersja z "unsigned int" do "float", możliwa utrata danych
C:\CPP\Projekt_GRA\Game.cpp(460,103): warning C4244: "argument": konwersja z "unsigned int" do "float", możliwa utrata danych
C:\CPP\Projekt_GRA\Game.cpp(462,104): warning C4244: "argument": konwersja z "unsigned int" do "float", możliwa utrata danych
C:\CPP\Projekt_GRA\Game.cpp(484,103): warning C4244: "argument": konwersja z "unsigned int" do "float", możliwa utrata danych
C:\CPP\Projekt_GRA\Game.cpp(485,105): warning C4244: "argument": konwersja z "unsigned int" do "float", możliwa utrata danych
C:\CPP\Projekt_GRA\Game.cpp(486,110): warning C4244: "argument": konwersja z "unsigned int" do "float", możliwa utrata danych
  main.cpp
C:\CPP\Projekt_GRA\main.cpp(7,20): warning C4244: "argument": konwersja z "time_t" do "unsigned int", możliwa utrata danych
  Trwa generowanie kodu
  Previous IPDB was built with incompatible compiler, fall back to full compilation.
  All 228 functions were compiled because no usable IPDB/IOBJ from previous compilation was found.
  Zakończono generowanie kodu
  Projekt_GRA.vcxproj -> C:\CPP\Projekt_GRA\x64\Release\Projekt_GRA.exe
